Feb 04 2023 08:14:36
{"type":8192,"message":"Automatic conversion of false to array is deprecated","file":"\/Applications\/XAMPP\/xamppfiles\/htdocs\/techdigi\/wp-content\/plugins\/jet-blog\/includes\/modules\/jet-dashboard\/inc\/plugin-manager.php","line":110}

Feb 04 2023 08:14:37
{"type":8192,"message":"Automatic conversion of false to array is deprecated","file":"\/Applications\/XAMPP\/xamppfiles\/htdocs\/techdigi\/wp-content\/plugins\/jet-blog\/includes\/modules\/jet-dashboard\/inc\/plugin-manager.php","line":110}

Feb 04 2023 08:14:37
{"type":8192,"message":"Automatic conversion of false to array is deprecated","file":"\/Applications\/XAMPP\/xamppfiles\/htdocs\/techdigi\/wp-content\/plugins\/jet-blog\/includes\/modules\/jet-dashboard\/inc\/plugin-manager.php","line":110}

Feb 04 2023 08:14:37
{"type":8192,"message":"Automatic conversion of false to array is deprecated","file":"\/Applications\/XAMPP\/xamppfiles\/htdocs\/techdigi\/wp-content\/plugins\/jet-blog\/includes\/modules\/jet-dashboard\/inc\/plugin-manager.php","line":110}

Feb 04 2023 08:14:38
{"Number":8192,"Message":"base64_encode(): Passing null to parameter #1 ($string) of type string is deprecated","File":"\/Applications\/XAMPP\/xamppfiles\/htdocs\/techdigi\/wp-content\/plugins\/all-in-one-wp-migration\/lib\/model\/export\/class-ai1wm-export-config.php","Line":164}

Feb 04 2023 08:14:38
{"type":8192,"message":"Automatic conversion of false to array is deprecated","file":"\/Applications\/XAMPP\/xamppfiles\/htdocs\/techdigi\/wp-content\/plugins\/jet-blog\/includes\/modules\/jet-dashboard\/inc\/plugin-manager.php","line":110}

Feb 04 2023 08:14:38
{"type":8192,"message":"Automatic conversion of false to array is deprecated","file":"\/Applications\/XAMPP\/xamppfiles\/htdocs\/techdigi\/wp-content\/plugins\/jet-blog\/includes\/modules\/jet-dashboard\/inc\/plugin-manager.php","line":110}

Feb 04 2023 08:14:38
{"type":8192,"message":"Automatic conversion of false to array is deprecated","file":"\/Applications\/XAMPP\/xamppfiles\/htdocs\/techdigi\/wp-content\/plugins\/jet-blog\/includes\/modules\/jet-dashboard\/inc\/plugin-manager.php","line":110}

Feb 04 2023 08:14:39
{"type":8192,"message":"Automatic conversion of false to array is deprecated","file":"\/Applications\/XAMPP\/xamppfiles\/htdocs\/techdigi\/wp-content\/plugins\/jet-blog\/includes\/modules\/jet-dashboard\/inc\/plugin-manager.php","line":110}

Feb 04 2023 08:14:40
{"type":8192,"message":"Automatic conversion of false to array is deprecated","file":"\/Applications\/XAMPP\/xamppfiles\/htdocs\/techdigi\/wp-content\/plugins\/jet-blog\/includes\/modules\/jet-dashboard\/inc\/plugin-manager.php","line":110}

Feb 04 2023 08:14:40
{"type":8192,"message":"Automatic conversion of false to array is deprecated","file":"\/Applications\/XAMPP\/xamppfiles\/htdocs\/techdigi\/wp-content\/plugins\/jet-blog\/includes\/modules\/jet-dashboard\/inc\/plugin-manager.php","line":110}

Feb 04 2023 08:14:40
{"type":8192,"message":"Automatic conversion of false to array is deprecated","file":"\/Applications\/XAMPP\/xamppfiles\/htdocs\/techdigi\/wp-content\/plugins\/jet-blog\/includes\/modules\/jet-dashboard\/inc\/plugin-manager.php","line":110}

Feb 04 2023 08:14:41
{"type":8192,"message":"Automatic conversion of false to array is deprecated","file":"\/Applications\/XAMPP\/xamppfiles\/htdocs\/techdigi\/wp-content\/plugins\/jet-blog\/includes\/modules\/jet-dashboard\/inc\/plugin-manager.php","line":110}

Feb 04 2023 08:14:41
{"type":8192,"message":"Automatic conversion of false to array is deprecated","file":"\/Applications\/XAMPP\/xamppfiles\/htdocs\/techdigi\/wp-content\/plugins\/jet-blog\/includes\/modules\/jet-dashboard\/inc\/plugin-manager.php","line":110}

Feb 04 2023 08:14:42
{"type":8192,"message":"Automatic conversion of false to array is deprecated","file":"\/Applications\/XAMPP\/xamppfiles\/htdocs\/techdigi\/wp-content\/plugins\/jet-blog\/includes\/modules\/jet-dashboard\/inc\/plugin-manager.php","line":110}

Feb 04 2023 08:14:44
{"type":8192,"message":"Automatic conversion of false to array is deprecated","file":"\/Applications\/XAMPP\/xamppfiles\/htdocs\/techdigi\/wp-content\/plugins\/jet-blog\/includes\/modules\/jet-dashboard\/inc\/plugin-manager.php","line":110}

Feb 04 2023 08:14:44
{"type":8192,"message":"Automatic conversion of false to array is deprecated","file":"\/Applications\/XAMPP\/xamppfiles\/htdocs\/techdigi\/wp-content\/plugins\/jet-blog\/includes\/modules\/jet-dashboard\/inc\/plugin-manager.php","line":110}

Feb 04 2023 08:14:44
{"type":8192,"message":"Automatic conversion of false to array is deprecated","file":"\/Applications\/XAMPP\/xamppfiles\/htdocs\/techdigi\/wp-content\/plugins\/jet-blog\/includes\/modules\/jet-dashboard\/inc\/plugin-manager.php","line":110}

Feb 04 2023 08:14:46
{"type":8192,"message":"Automatic conversion of false to array is deprecated","file":"\/Applications\/XAMPP\/xamppfiles\/htdocs\/techdigi\/wp-content\/plugins\/jet-blog\/includes\/modules\/jet-dashboard\/inc\/plugin-manager.php","line":110}

Feb 04 2023 08:14:46
{"type":8192,"message":"Automatic conversion of false to array is deprecated","file":"\/Applications\/XAMPP\/xamppfiles\/htdocs\/techdigi\/wp-content\/plugins\/jet-blog\/includes\/modules\/jet-dashboard\/inc\/plugin-manager.php","line":110}

Feb 04 2023 08:14:47
{"type":8192,"message":"Automatic conversion of false to array is deprecated","file":"\/Applications\/XAMPP\/xamppfiles\/htdocs\/techdigi\/wp-content\/plugins\/jet-blog\/includes\/modules\/jet-dashboard\/inc\/plugin-manager.php","line":110}

Feb 04 2023 08:14:47
{"type":8192,"message":"Automatic conversion of false to array is deprecated","file":"\/Applications\/XAMPP\/xamppfiles\/htdocs\/techdigi\/wp-content\/plugins\/jet-blog\/includes\/modules\/jet-dashboard\/inc\/plugin-manager.php","line":110}

Feb 04 2023 08:14:47
{"type":8192,"message":"Automatic conversion of false to array is deprecated","file":"\/Applications\/XAMPP\/xamppfiles\/htdocs\/techdigi\/wp-content\/plugins\/jet-blog\/includes\/modules\/jet-dashboard\/inc\/plugin-manager.php","line":110}

Feb 04 2023 08:14:48
{"type":8192,"message":"Automatic conversion of false to array is deprecated","file":"\/Applications\/XAMPP\/xamppfiles\/htdocs\/techdigi\/wp-content\/plugins\/jet-blog\/includes\/modules\/jet-dashboard\/inc\/plugin-manager.php","line":110}

Feb 04 2023 08:14:51
{"type":8192,"message":"Automatic conversion of false to array is deprecated","file":"\/Applications\/XAMPP\/xamppfiles\/htdocs\/techdigi\/wp-content\/plugins\/jet-blog\/includes\/modules\/jet-dashboard\/inc\/plugin-manager.php","line":110}

Feb 04 2023 08:14:51
{"type":8192,"message":"Automatic conversion of false to array is deprecated","file":"\/Applications\/XAMPP\/xamppfiles\/htdocs\/techdigi\/wp-content\/plugins\/jet-blog\/includes\/modules\/jet-dashboard\/inc\/plugin-manager.php","line":110}

Oct 20 2023 05:28:21
{"Number":8192,"Message":"rtrim(): Passing null to parameter #1 ($string) of type string is deprecated","File":"C:\\xampp\\htdocs\\wordpress\\wp-includes\\formatting.php","Line":2827}

Oct 20 2023 05:28:21
{"Number":8192,"Message":"rtrim(): Passing null to parameter #1 ($string) of type string is deprecated","File":"C:\\xampp\\htdocs\\wordpress\\wp-includes\\formatting.php","Line":2827}

Oct 20 2023 05:28:21
{"Number":8192,"Message":"rtrim(): Passing null to parameter #1 ($string) of type string is deprecated","File":"C:\\xampp\\htdocs\\wordpress\\wp-includes\\formatting.php","Line":2827}

Oct 20 2023 05:28:21
{"Number":8192,"Message":"rtrim(): Passing null to parameter #1 ($string) of type string is deprecated","File":"C:\\xampp\\htdocs\\wordpress\\wp-includes\\formatting.php","Line":2827}

Oct 20 2023 05:28:21
{"Number":8192,"Message":"rtrim(): Passing null to parameter #1 ($string) of type string is deprecated","File":"C:\\xampp\\htdocs\\wordpress\\wp-includes\\formatting.php","Line":2827}

Oct 20 2023 05:28:21
{"Number":8192,"Message":"rtrim(): Passing null to parameter #1 ($string) of type string is deprecated","File":"C:\\xampp\\htdocs\\wordpress\\wp-includes\\formatting.php","Line":2827}

Oct 20 2023 05:28:21
{"Number":8192,"Message":"rtrim(): Passing null to parameter #1 ($string) of type string is deprecated","File":"C:\\xampp\\htdocs\\wordpress\\wp-includes\\formatting.php","Line":2827}

Oct 20 2023 05:28:21
{"Number":8192,"Message":"rtrim(): Passing null to parameter #1 ($string) of type string is deprecated","File":"C:\\xampp\\htdocs\\wordpress\\wp-includes\\formatting.php","Line":2827}

Oct 20 2023 05:28:21
{"Number":8192,"Message":"rtrim(): Passing null to parameter #1 ($string) of type string is deprecated","File":"C:\\xampp\\htdocs\\wordpress\\wp-includes\\formatting.php","Line":2827}

Oct 20 2023 05:28:21
{"Number":8192,"Message":"rtrim(): Passing null to parameter #1 ($string) of type string is deprecated","File":"C:\\xampp\\htdocs\\wordpress\\wp-includes\\formatting.php","Line":2827}

Oct 20 2023 05:28:21
{"Number":8192,"Message":"rtrim(): Passing null to parameter #1 ($string) of type string is deprecated","File":"C:\\xampp\\htdocs\\wordpress\\wp-includes\\formatting.php","Line":2827}

Oct 20 2023 05:28:21
{"Number":8192,"Message":"rtrim(): Passing null to parameter #1 ($string) of type string is deprecated","File":"C:\\xampp\\htdocs\\wordpress\\wp-includes\\formatting.php","Line":2827}

Oct 20 2023 05:28:21
{"Number":8192,"Message":"rtrim(): Passing null to parameter #1 ($string) of type string is deprecated","File":"C:\\xampp\\htdocs\\wordpress\\wp-includes\\formatting.php","Line":2827}

Oct 20 2023 05:28:21
{"Number":8192,"Message":"rtrim(): Passing null to parameter #1 ($string) of type string is deprecated","File":"C:\\xampp\\htdocs\\wordpress\\wp-includes\\formatting.php","Line":2827}

Oct 20 2023 05:28:21
{"Number":8192,"Message":"rtrim(): Passing null to parameter #1 ($string) of type string is deprecated","File":"C:\\xampp\\htdocs\\wordpress\\wp-includes\\formatting.php","Line":2827}

Oct 20 2023 05:28:21
{"Number":8192,"Message":"rtrim(): Passing null to parameter #1 ($string) of type string is deprecated","File":"C:\\xampp\\htdocs\\wordpress\\wp-includes\\formatting.php","Line":2827}

Oct 20 2023 05:28:21
{"Number":8192,"Message":"rtrim(): Passing null to parameter #1 ($string) of type string is deprecated","File":"C:\\xampp\\htdocs\\wordpress\\wp-includes\\formatting.php","Line":2827}

Oct 20 2023 05:28:21
{"Number":8192,"Message":"rtrim(): Passing null to parameter #1 ($string) of type string is deprecated","File":"C:\\xampp\\htdocs\\wordpress\\wp-includes\\formatting.php","Line":2827}

Oct 20 2023 05:28:21
{"Number":8192,"Message":"rtrim(): Passing null to parameter #1 ($string) of type string is deprecated","File":"C:\\xampp\\htdocs\\wordpress\\wp-includes\\formatting.php","Line":2827}

Oct 20 2023 05:28:21
{"Number":8192,"Message":"rtrim(): Passing null to parameter #1 ($string) of type string is deprecated","File":"C:\\xampp\\htdocs\\wordpress\\wp-includes\\formatting.php","Line":2827}

Oct 20 2023 05:28:21
{"Number":8192,"Message":"rtrim(): Passing null to parameter #1 ($string) of type string is deprecated","File":"C:\\xampp\\htdocs\\wordpress\\wp-includes\\formatting.php","Line":2827}

Oct 20 2023 05:28:21
{"Number":8192,"Message":"rtrim(): Passing null to parameter #1 ($string) of type string is deprecated","File":"C:\\xampp\\htdocs\\wordpress\\wp-includes\\formatting.php","Line":2827}

Oct 20 2023 05:28:21
{"Number":8192,"Message":"rtrim(): Passing null to parameter #1 ($string) of type string is deprecated","File":"C:\\xampp\\htdocs\\wordpress\\wp-includes\\formatting.php","Line":2827}

Oct 20 2023 05:28:21
{"Number":8192,"Message":"rtrim(): Passing null to parameter #1 ($string) of type string is deprecated","File":"C:\\xampp\\htdocs\\wordpress\\wp-includes\\formatting.php","Line":2827}

Oct 20 2023 05:28:21
{"Number":8192,"Message":"rtrim(): Passing null to parameter #1 ($string) of type string is deprecated","File":"C:\\xampp\\htdocs\\wordpress\\wp-includes\\formatting.php","Line":2827}

Oct 20 2023 05:28:21
{"Number":8192,"Message":"rtrim(): Passing null to parameter #1 ($string) of type string is deprecated","File":"C:\\xampp\\htdocs\\wordpress\\wp-includes\\formatting.php","Line":2827}

Oct 20 2023 05:28:21
{"Number":8192,"Message":"rtrim(): Passing null to parameter #1 ($string) of type string is deprecated","File":"C:\\xampp\\htdocs\\wordpress\\wp-includes\\formatting.php","Line":2827}

Oct 20 2023 05:28:21
{"Number":8192,"Message":"rtrim(): Passing null to parameter #1 ($string) of type string is deprecated","File":"C:\\xampp\\htdocs\\wordpress\\wp-includes\\formatting.php","Line":2827}

Oct 20 2023 05:28:21
{"Number":8192,"Message":"rtrim(): Passing null to parameter #1 ($string) of type string is deprecated","File":"C:\\xampp\\htdocs\\wordpress\\wp-includes\\formatting.php","Line":2827}

Oct 20 2023 05:28:21
{"Number":8192,"Message":"rtrim(): Passing null to parameter #1 ($string) of type string is deprecated","File":"C:\\xampp\\htdocs\\wordpress\\wp-includes\\formatting.php","Line":2827}

Oct 20 2023 05:28:30
{"type":8192,"message":"Return type of ElementskitVendor\\Google\\Collection::count() should either be compatible with Countable::count(): int, or the #[\\ReturnTypeWillChange] attribute should be used to temporarily suppress the notice","file":"C:\\xampp\\htdocs\\wordpress\\wp-content\\plugins\\elementskit\\libs\\composer\\vendor\\build\\vendor\\src\\google\\apiclient\\src\\Collection.php","line":41}

Oct 20 2023 05:28:30
{"type":8192,"message":"Return type of ElementskitVendor\\Google\\Collection::count() should either be compatible with Countable::count(): int, or the #[\\ReturnTypeWillChange] attribute should be used to temporarily suppress the notice","file":"C:\\xampp\\htdocs\\wordpress\\wp-content\\plugins\\elementskit\\libs\\composer\\vendor\\build\\vendor\\src\\google\\apiclient\\src\\Collection.php","line":41}

